<?xml version="1.0" encoding="UTF-8"?>
<testsuite name="com.hajar.calculator.CalculatorTest" tests="1" skipped="0" failures="0" errors="0" timestamp="2023-12-21T16:22:20" hostname="pc" time="0.009">
  <properties/>
  <testcase name="testSum()" classname="com.hajar.calculator.CalculatorTest" time="0.009"/>
  <system-out><![CDATA[]]></system-out>
  <system-err><![CDATA[]]></system-err>
</testsuite>
